TN:
SF:src\controllers\admin.controller.js
FN:3,(anonymous_0)
FN:12,(anonymous_1)
FN:21,(anonymous_2)
FN:32,(anonymous_3)
FN:45,(anonymous_4)
FNF:5
FNH:5
FNDA:4,(anonymous_0)
FNDA:5,(anonymous_1)
FNDA:6,(anonymous_2)
FNDA:5,(anonymous_3)
FNDA:5,(anonymous_4)
DA:1,2
DA:3,2
DA:4,4
DA:5,4
DA:6,2
DA:8,2
DA:12,2
DA:13,5
DA:14,5
DA:15,4
DA:17,1
DA:21,2
DA:22,6
DA:23,6
DA:24,6
DA:25,3
DA:27,3
DA:28,3
DA:32,2
DA:33,5
DA:34,5
DA:35,4
DA:36,2
DA:38,2
DA:41,1
DA:45,2
DA:46,5
DA:47,5
DA:48,4
DA:49,2
DA:51,2
DA:54,1
LF:32
LH:32
BRDA:35,0,0,2
BRDA:35,0,1,2
BRDA:48,1,0,2
BRDA:48,1,1,2
BRF:4
BRH:4
end_of_record
TN:
SF:src\controllers\appointment.controller.js
FN:4,(anonymous_0)
FN:13,(anonymous_1)
FN:22,(anonymous_2)
FN:31,(anonymous_3)
FN:41,(anonymous_4)
FN:75,(anonymous_5)
FN:106,(anonymous_6)
FN:133,(anonymous_7)
FN:163,(anonymous_8)
FN:209,(anonymous_9)
FNF:10
FNH:9
FNDA:0,(anonymous_0)
FNDA:2,(anonymous_1)
FNDA:2,(anonymous_2)
FNDA:4,(anonymous_3)
FNDA:4,(anonymous_4)
FNDA:5,(anonymous_5)
FNDA:3,(anonymous_6)
FNDA:5,(anonymous_7)
FNDA:3,(anonymous_8)
FNDA:4,(anonymous_9)
DA:1,2
DA:2,2
DA:4,2
DA:5,0
DA:6,0
DA:7,0
DA:9,0
DA:13,2
DA:14,2
DA:15,2
DA:16,2
DA:18,0
DA:22,2
DA:23,2
DA:24,2
DA:25,2
DA:27,0
DA:31,2
DA:32,4
DA:33,4
DA:34,2
DA:36,2
DA:37,2
DA:41,2
DA:42,4
DA:43,4
DA:45,4
DA:60,4
DA:62,4
DA:64,3
DA:70,1
DA:71,1
DA:75,2
DA:76,5
DA:77,5
DA:78,5
DA:80,5
DA:81,5
DA:84,5
DA:85,3
DA:88,5
DA:90,5
DA:92,5
DA:93,3
DA:98,2
DA:101,0
DA:102,0
DA:106,2
DA:107,3
DA:108,3
DA:109,3
DA:111,3
DA:112,3
DA:114,3
DA:119,3
DA:120,1
DA:123,2
DA:128,0
DA:129,0
DA:133,2
DA:134,5
DA:135,5
DA:136,5
DA:138,5
DA:140,5
DA:141,5
DA:142,2
DA:145,3
DA:150,3
DA:152,3
DA:153,1
DA:156,2
DA:158,0
DA:159,0
DA:163,2
DA:164,3
DA:165,3
DA:166,3
DA:168,3
DA:171,3
DA:176,3
DA:177,1
DA:180,2
DA:191,2
DA:193,2
DA:194,0
DA:197,2
DA:204,0
DA:205,0
DA:209,2
DA:210,4
DA:211,4
DA:212,4
DA:214,4
DA:216,4
DA:217,2
DA:222,2
DA:225,0
DA:226,0
LF:99
LH:82
BRDA:51,0,0,4
BRDA:51,0,1,4
BRDA:52,1,0,4
BRDA:52,1,1,4
BRDA:53,2,0,4
BRDA:53,2,1,4
BRDA:54,3,0,4
BRDA:54,3,1,4
BRDA:55,4,0,4
BRDA:55,4,1,4
BRDA:56,5,0,4
BRDA:56,5,1,2
BRDA:57,6,0,4
BRDA:57,6,1,4
BRDA:84,7,0,3
BRDA:84,7,1,2
BRDA:92,8,0,3
BRDA:92,8,1,2
BRDA:119,9,0,1
BRDA:119,9,1,2
BRDA:141,10,0,2
BRDA:141,10,1,3
BRDA:152,11,0,1
BRDA:152,11,1,2
BRDA:176,12,0,1
BRDA:176,12,1,2
BRDA:193,13,0,0
BRDA:193,13,1,2
BRDA:216,14,0,2
BRDA:216,14,1,2
BRF:30
BRH:29
end_of_record
TN:
SF:src\controllers\assistant.controller.js
FN:3,(anonymous_0)
FN:12,(anonymous_1)
FN:21,(anonymous_2)
FN:32,(anonymous_3)
FN:45,(anonymous_4)
FNF:5
FNH:5
FNDA:4,(anonymous_0)
FNDA:5,(anonymous_1)
FNDA:6,(anonymous_2)
FNDA:5,(anonymous_3)
FNDA:5,(anonymous_4)
DA:1,2
DA:3,2
DA:4,4
DA:5,4
DA:6,2
DA:8,2
DA:12,2
DA:13,5
DA:14,5
DA:15,4
DA:17,1
DA:21,2
DA:22,6
DA:23,6
DA:24,6
DA:25,3
DA:27,3
DA:28,3
DA:32,2
DA:33,5
DA:34,5
DA:35,4
DA:36,2
DA:38,2
DA:41,1
DA:45,2
DA:46,5
DA:47,5
DA:48,4
DA:49,2
DA:51,2
DA:54,1
LF:32
LH:32
BRDA:35,0,0,2
BRDA:35,0,1,2
BRDA:48,1,0,2
BRDA:48,1,1,2
BRF:4
BRH:4
end_of_record
TN:
SF:src\controllers\auth.controller.js
FN:6,(anonymous_0)
FN:13,(anonymous_1)
FN:19,(anonymous_2)
FN:25,(anonymous_3)
FN:31,(anonymous_4)
FNF:5
FNH:5
FNDA:17,(anonymous_0)
FNDA:5,(anonymous_1)
FNDA:3,(anonymous_2)
FNDA:3,(anonymous_3)
FNDA:3,(anonymous_4)
DA:1,2
DA:2,2
DA:3,2
DA:4,2
DA:6,2
DA:7,17
DA:8,17
DA:11,17
DA:12,15
DA:13,5
DA:17,11
DA:18,11
DA:19,3
DA:23,8
DA:24,8
DA:25,3
DA:29,5
DA:30,5
DA:31,3
DA:35,2
DA:37,2
LF:21
LH:21
BRDA:12,0,0,4
BRDA:12,0,1,11
BRDA:18,1,0,3
BRDA:18,1,1,8
BRDA:24,2,0,3
BRDA:24,2,1,5
BRDA:30,3,0,3
BRDA:30,3,1,2
BRF:8
BRH:8
end_of_record
TN:
SF:src\controllers\patient.controller.js
FN:4,(anonymous_0)
FN:14,(anonymous_1)
FN:23,(anonymous_2)
FN:48,(anonymous_3)
FN:59,(anonymous_4)
FN:73,(anonymous_5)
FN:107,(anonymous_6)
FN:141,(anonymous_7)
FN:191,(anonymous_8)
FN:210,(anonymous_9)
FNF:10
FNH:9
FNDA:6,(anonymous_0)
FNDA:0,(anonymous_1)
FNDA:5,(anonymous_2)
FNDA:4,(anonymous_3)
FNDA:4,(anonymous_4)
FNDA:5,(anonymous_5)
FNDA:1,(anonymous_6)
FNDA:6,(anonymous_7)
FNDA:6,(anonymous_8)
FNDA:4,(anonymous_9)
DA:1,2
DA:2,2
DA:4,2
DA:5,6
DA:6,6
DA:7,6
DA:8,4
DA:10,2
DA:14,2
DA:15,0
DA:16,0
DA:17,0
DA:19,0
DA:23,2
DA:24,5
DA:25,5
DA:26,5
DA:29,5
DA:33,5
DA:34,2
DA:39,3
DA:44,0
DA:48,2
DA:49,4
DA:50,4
DA:51,4
DA:52,2
DA:54,2
DA:55,2
DA:59,2
DA:60,4
DA:61,4
DA:62,4
DA:63,2
DA:65,2
DA:68,0
DA:69,0
DA:73,2
DA:74,5
DA:75,5
DA:76,5
DA:79,5
DA:80,5
DA:81,1
DA:85,4
DA:86,2
DA:89,2
DA:91,2
DA:92,2
DA:98,0
DA:101,0
DA:102,0
DA:107,2
DA:108,1
DA:109,1
DA:110,1
DA:113,1
DA:114,1
DA:115,0
DA:119,1
DA:120,0
DA:123,1
DA:125,1
DA:126,1
DA:132,0
DA:135,0
DA:136,0
DA:141,2
DA:142,6
DA:143,6
DA:144,6
DA:147,6
DA:148,6
DA:149,0
DA:153,6
DA:154,2
DA:161,4
DA:166,4
DA:167,2
DA:174,2
DA:176,2
DA:177,2
DA:182,0
DA:185,0
DA:186,0
DA:191,2
DA:192,6
DA:193,6
DA:195,6
DA:196,2
DA:199,4
DA:202,4
DA:204,0
DA:205,0
DA:210,2
DA:211,4
DA:212,4
DA:213,4
DA:214,4
DA:215,2
DA:217,2
DA:220,0
LF:102
LH:80
BRDA:29,0,0,1
BRDA:29,0,1,4
BRDA:33,1,0,2
BRDA:33,1,1,3
BRDA:62,2,0,2
BRDA:62,2,1,2
BRDA:80,3,0,1
BRDA:80,3,1,4
BRDA:85,4,0,2
BRDA:85,4,1,2
BRDA:85,5,0,4
BRDA:85,5,1,2
BRDA:91,6,0,2
BRDA:91,6,1,0
BRDA:114,7,0,0
BRDA:114,7,1,1
BRDA:119,8,0,0
BRDA:119,8,1,1
BRDA:119,9,0,1
BRDA:119,9,1,1
BRDA:125,10,0,1
BRDA:125,10,1,0
BRDA:148,11,0,0
BRDA:148,11,1,6
BRDA:153,12,0,2
BRDA:153,12,1,4
BRDA:153,13,0,6
BRDA:153,13,1,4
BRDA:166,14,0,2
BRDA:166,14,1,2
BRDA:176,15,0,2
BRDA:176,15,1,0
BRDA:195,16,0,2
BRDA:195,16,1,4
BRDA:195,17,0,6
BRDA:195,17,1,4
BRDA:214,18,0,2
BRDA:214,18,1,2
BRF:38
BRH:32
end_of_record
TN:
SF:src\controllers\physician.controller.js
FN:3,(anonymous_0)
FN:12,(anonymous_1)
FN:21,(anonymous_2)
FN:35,(anonymous_3)
FN:46,(anonymous_4)
FN:60,(anonymous_5)
FN:74,(anonymous_6)
FNF:7
FNH:7
FNDA:4,(anonymous_0)
FNDA:4,(anonymous_1)
FNDA:5,(anonymous_2)
FNDA:4,(anonymous_3)
FNDA:5,(anonymous_4)
FNDA:5,(anonymous_5)
FNDA:8,(anonymous_6)
DA:1,2
DA:3,2
DA:4,4
DA:5,4
DA:6,2
DA:8,2
DA:12,2
DA:13,4
DA:14,4
DA:15,3
DA:17,1
DA:21,2
DA:22,5
DA:23,5
DA:24,4
DA:25,2
DA:27,2
DA:30,1
DA:31,1
DA:35,2
DA:36,4
DA:37,4
DA:38,2
DA:40,2
DA:41,2
DA:46,2
DA:47,5
DA:48,5
DA:49,4
DA:50,2
DA:52,2
DA:55,1
DA:56,1
DA:60,2
DA:61,5
DA:62,5
DA:63,4
DA:64,2
DA:66,2
DA:69,1
DA:70,1
DA:74,2
DA:75,8
DA:76,8
DA:77,8
DA:78,3
DA:81,5
DA:82,3
DA:84,2
DA:85,2
LF:50
LH:50
BRDA:24,0,0,2
BRDA:24,0,1,2
BRDA:49,1,0,2
BRDA:49,1,1,2
BRDA:63,2,0,2
BRDA:63,2,1,2
BRDA:77,3,0,3
BRDA:77,3,1,5
BRF:8
BRH:8
end_of_record
TN:
SF:src\controllers\report.controller.js
FN:6,(anonymous_0)
FN:125,(anonymous_1)
FN:192,(anonymous_2)
FN:270,(anonymous_3)
FN:331,(anonymous_4)
FN:356,(anonymous_5)
FN:376,(anonymous_6)
FNF:7
FNH:7
FNDA:3,(anonymous_0)
FNDA:3,(anonymous_1)
FNDA:3,(anonymous_2)
FNDA:4,(anonymous_3)
FNDA:4,(anonymous_4)
FNDA:2,(anonymous_5)
FNDA:2,(anonymous_6)
DA:1,2
DA:2,2
DA:3,2
DA:6,2
DA:7,3
DA:8,3
DA:9,3
DA:31,3
DA:34,3
DA:35,1
DA:36,1
DA:39,3
DA:40,1
DA:41,1
DA:44,3
DA:45,1
DA:46,1
DA:49,3
DA:51,3
DA:54,2
DA:64,2
DA:67,2
DA:80,2
DA:83,2
DA:98,2
DA:100,2
DA:116,2
DA:119,1
DA:120,1
DA:125,2
DA:126,3
DA:127,3
DA:130,3
DA:146,3
DA:148,3
DA:149,2
DA:150,2
DA:153,3
DA:155,3
DA:158,2
DA:168,2
DA:170,2
DA:183,2
DA:186,1
DA:187,1
DA:192,2
DA:193,3
DA:194,3
DA:197,3
DA:218,3
DA:221,3
DA:222,2
DA:223,2
DA:226,3
DA:228,3
DA:231,2
DA:245,2
DA:246,2
DA:248,2
DA:261,2
DA:264,1
DA:265,1
DA:270,2
DA:271,4
DA:272,4
DA:275,4
DA:276,4
DA:277,4
DA:281,4
DA:282,4
DA:283,4
DA:286,4
DA:289,3
DA:290,3
DA:291,3
DA:311,2
DA:313,1
DA:316,3
DA:325,1
DA:326,1
DA:331,2
DA:332,4
DA:333,4
DA:335,4
DA:336,4
DA:348,1
DA:350,3
DA:353,3
DA:354,2
DA:355,1
DA:356,2
DA:367,3
DA:370,1
DA:371,1
DA:376,2
DA:377,2
DA:379,2
DA:388,1
DA:400,1
DA:412,1
DA:419,1
DA:420,1
LF:102
LH:102
BRDA:34,0,0,1
BRDA:34,0,1,2
BRDA:34,1,0,3
BRDA:34,1,1,1
BRDA:39,2,0,1
BRDA:39,2,1,2
BRDA:39,3,0,3
BRDA:39,3,1,1
BRDA:44,4,0,1
BRDA:44,4,1,2
BRDA:44,5,0,3
BRDA:44,5,1,1
BRDA:148,6,0,2
BRDA:148,6,1,1
BRDA:148,7,0,3
BRDA:148,7,1,2
BRDA:163,8,0,1
BRDA:163,8,1,1
BRDA:168,9,0,1
BRDA:168,9,1,1
BRDA:221,10,0,2
BRDA:221,10,1,1
BRDA:221,11,0,3
BRDA:221,11,1,2
BRDA:240,12,0,1
BRDA:240,12,1,1
BRDA:240,13,0,2
BRDA:240,13,1,1
BRDA:245,14,0,1
BRDA:245,14,1,1
BRDA:245,15,0,2
BRDA:245,15,1,1
BRDA:252,16,0,1
BRDA:252,16,1,1
BRDA:252,17,0,2
BRDA:252,17,1,1
BRDA:276,18,0,4
BRDA:276,18,1,0
BRDA:282,19,0,4
BRDA:282,19,1,2
BRDA:304,20,0,3
BRDA:304,20,1,2
BRDA:306,21,0,3
BRDA:306,21,1,0
BRDA:307,22,0,3
BRDA:307,22,1,3
BRDA:308,23,0,3
BRDA:308,23,1,3
BRDA:321,24,0,3
BRDA:321,24,1,1
BRDA:354,25,0,1
BRDA:354,25,1,1
BRF:52
BRH:50
end_of_record
TN:
SF:src\models\admin.model.js
FN:4,(anonymous_0)
FN:9,(anonymous_1)
FN:14,(anonymous_2)
FN:27,(anonymous_3)
FN:40,(anonymous_4)
FNF:5
FNH:0
FNDA:0,(anonymous_0)
FNDA:0,(anonymous_1)
FNDA:0,(anonymous_2)
FNDA:0,(anonymous_3)
FNDA:0,(anonymous_4)
DA:1,4
DA:3,4
DA:5,0
DA:6,0
DA:10,0
DA:11,0
DA:15,0
DA:16,0
DA:20,0
DA:22,0
DA:23,0
DA:28,0
DA:29,0
DA:33,0
DA:35,0
DA:36,0
DA:41,0
DA:42,0
DA:43,0
DA:45,0
DA:46,0
DA:51,4
LF:22
LH:3
BRF:0
BRH:0
end_of_record
TN:
SF:src\models\appointment.model.js
FN:4,(anonymous_0)
FN:14,(anonymous_1)
FN:24,(anonymous_2)
FN:34,(anonymous_3)
FN:62,(anonymous_4)
FN:79,(anonymous_5)
FN:116,(anonymous_6)
FNF:7
FNH:7
FNDA:2,(anonymous_0)
FNDA:1,(anonymous_1)
FNDA:1,(anonymous_2)
FNDA:3,(anonymous_3)
FNDA:3,(anonymous_4)
FNDA:4,(anonymous_5)
FNDA:3,(anonymous_6)
DA:1,3
DA:3,3
DA:5,2
DA:11,1
DA:15,1
DA:21,1
DA:25,1
DA:31,1
DA:35,3
DA:36,3
DA:37,3
DA:38,3
DA:55,2
DA:56,2
DA:58,1
DA:59,1
DA:63,3
DA:64,3
DA:72,2
DA:74,1
DA:75,1
DA:80,4
DA:81,4
DA:109,3
DA:111,1
DA:112,1
DA:117,3
DA:118,3
DA:119,2
DA:121,1
DA:122,1
DA:128,3
LF:32
LH:32
BRDA:47,0,0,3
BRDA:47,0,1,2
BRDA:48,1,0,3
BRDA:48,1,1,2
BRDA:49,2,0,3
BRDA:49,2,1,2
BRDA:50,3,0,3
BRDA:50,3,1,2
BRDA:51,4,0,3
BRDA:51,4,1,2
BRDA:52,5,0,3
BRDA:52,5,1,2
BRDA:72,6,0,1
BRDA:72,6,1,1
BRDA:100,7,0,4
BRDA:100,7,1,3
BRDA:101,8,0,4
BRDA:101,8,1,3
BRDA:102,9,0,4
BRDA:102,9,1,3
BRDA:103,10,0,4
BRDA:103,10,1,3
BRDA:104,11,0,4
BRDA:104,11,1,3
BRDA:105,12,0,4
BRDA:105,12,1,3
BRF:26
BRH:26
end_of_record
TN:
SF:src\models\assistant.model.js
FN:4,(anonymous_0)
FN:9,(anonymous_1)
FN:14,(anonymous_2)
FN:27,(anonymous_3)
FN:40,(anonymous_4)
FNF:5
FNH:0
FNDA:0,(anonymous_0)
FNDA:0,(anonymous_1)
FNDA:0,(anonymous_2)
FNDA:0,(anonymous_3)
FNDA:0,(anonymous_4)
DA:1,4
DA:3,4
DA:5,0
DA:6,0
DA:10,0
DA:11,0
DA:15,0
DA:16,0
DA:20,0
DA:22,0
DA:23,0
DA:28,0
DA:29,0
DA:33,0
DA:35,0
DA:36,0
DA:41,0
DA:42,0
DA:43,0
DA:45,0
DA:46,0
DA:51,4
LF:22
LH:3
BRF:0
BRH:0
end_of_record
TN:
SF:src\models\patient.model.js
FN:5,(anonymous_0)
FN:13,(anonymous_1)
FN:22,(anonymous_2)
FN:31,(anonymous_3)
FN:36,(anonymous_4)
FN:44,(anonymous_5)
FN:64,(anonymous_6)
FN:89,(anonymous_7)
FN:103,(anonymous_8)
FN:117,(anonymous_9)
FNF:10
FNH:10
FNDA:2,(anonymous_0)
FNDA:1,(anonymous_1)
FNDA:1,(anonymous_2)
FNDA:1,(anonymous_3)
FNDA:2,(anonymous_4)
FNDA:3,(anonymous_5)
FNDA:3,(anonymous_6)
FNDA:2,(anonymous_7)
FNDA:2,(anonymous_8)
FNDA:2,(anonymous_9)
DA:1,5
DA:3,5
DA:6,2
DA:9,2
DA:10,2
DA:14,1
DA:18,1
DA:23,1
DA:27,1
DA:32,1
DA:33,1
DA:37,2
DA:40,2
DA:41,2
DA:45,3
DA:46,3
DA:47,3
DA:48,1
DA:51,3
DA:53,3
DA:57,2
DA:59,1
DA:60,1
DA:65,3
DA:66,3
DA:67,3
DA:68,1
DA:72,3
DA:76,3
DA:80,3
DA:81,3
DA:83,0
DA:84,0
DA:90,2
DA:91,2
DA:95,1
DA:97,1
DA:98,1
DA:104,2
DA:105,2
DA:109,1
DA:111,1
DA:112,1
DA:118,2
DA:119,2
DA:120,1
DA:122,1
DA:123,1
DA:128,5
LF:49
LH:47
BRDA:5,0,0,1
BRDA:6,1,0,1
BRDA:6,1,1,1
BRDA:36,2,0,1
BRDA:37,3,0,1
BRDA:37,3,1,1
BRDA:47,4,0,1
BRDA:47,4,1,2
BRDA:47,5,0,3
BRDA:47,5,1,2
BRDA:67,6,0,1
BRDA:67,6,1,2
BRDA:67,7,0,3
BRDA:67,7,1,3
BRDA:72,8,0,1
BRDA:72,8,1,2
BRDA:76,9,0,1
BRDA:76,9,1,2
BRF:18
BRH:18
end_of_record
TN:
SF:src\models\physician.model.js
FN:4,(anonymous_0)
FN:6,(anonymous_1)
FN:7,(anonymous_2)
FN:13,(anonymous_3)
FN:18,(anonymous_4)
FN:23,(anonymous_5)
FN:28,(anonymous_6)
FN:42,(anonymous_7)
FN:64,(anonymous_8)
FNF:9
FNH:9
FNDA:3,(anonymous_0)
FNDA:2,(anonymous_1)
FNDA:1,(anonymous_2)
FNDA:3,(anonymous_3)
FNDA:3,(anonymous_4)
FNDA:3,(anonymous_5)
FNDA:2,(anonymous_6)
FNDA:4,(anonymous_7)
FNDA:3,(anonymous_8)
DA:1,5
DA:3,5
DA:5,3
DA:6,2
DA:8,1
DA:9,1
DA:14,3
DA:15,2
DA:19,3
DA:20,2
DA:24,3
DA:25,2
DA:29,2
DA:30,2
DA:34,1
DA:36,1
DA:37,1
DA:43,4
DA:44,4
DA:45,4
DA:48,4
DA:49,1
DA:50,1
DA:53,4
DA:54,4
DA:56,4
DA:57,3
DA:59,1
DA:60,1
DA:65,3
DA:66,3
DA:67,2
DA:69,1
DA:70,1
DA:75,5
LF:35
LH:35
BRDA:48,0,0,1
BRDA:48,0,1,3
BRF:2
BRH:2
end_of_record
TN:
SF:src\routes\admin.routes.js
FNF:0
FNH:0
DA:1,1
DA:2,1
DA:3,1
DA:5,1
DA:6,1
DA:7,1
DA:8,1
DA:9,1
DA:11,1
LF:9
LH:9
BRF:0
BRH:0
end_of_record
TN:
SF:src\routes\appointment.routes.js
FNF:0
FNH:0
DA:1,1
DA:2,1
DA:3,1
DA:5,1
DA:6,1
DA:7,1
DA:8,1
DA:9,1
DA:10,1
DA:11,1
DA:12,1
DA:13,1
DA:14,1
LF:13
LH:13
BRF:0
BRH:0
end_of_record
TN:
SF:src\routes\assistant.routes.js
FNF:0
FNH:0
DA:1,1
DA:2,1
DA:3,1
DA:5,1
DA:6,1
DA:7,1
DA:8,1
DA:9,1
DA:11,1
LF:9
LH:9
BRF:0
BRH:0
end_of_record
TN:
SF:src\routes\auth.routes.js
FNF:0
FNH:0
DA:1,1
DA:2,1
DA:3,1
DA:5,1
DA:7,1
LF:5
LH:5
BRF:0
BRH:0
end_of_record
TN:
SF:src\routes\patient.routes.js
FNF:0
FNH:0
DA:1,1
DA:2,1
DA:3,1
DA:6,1
DA:7,1
DA:8,1
DA:9,1
DA:10,1
DA:11,1
DA:12,1
DA:15,1
DA:16,1
DA:17,1
DA:19,1
LF:14
LH:14
BRF:0
BRH:0
end_of_record
TN:
SF:src\routes\physician.routes.js
FNF:0
FNH:0
DA:1,1
DA:2,1
DA:3,1
DA:5,1
DA:6,1
DA:7,1
DA:8,1
DA:9,1
DA:10,1
DA:11,1
DA:13,1
LF:11
LH:11
BRF:0
BRH:0
end_of_record
TN:
SF:src\routes\report.routes.js
FNF:0
FNH:0
DA:1,1
DA:2,1
DA:3,1
DA:6,1
DA:7,1
DA:8,1
DA:11,1
DA:12,1
DA:13,1
DA:15,1
LF:10
LH:10
BRF:0
BRH:0
end_of_record
